[debug] [2023-09-22T21:30:38.849Z] ----------------------------------------------------------------------
[debug] [2023-09-22T21:30:38.853Z] Command:       D:\Program Files\nodejs\node.exe D:\Program Files\nodejs\node_modules\firebase-tools\lib\bin\firebase.js emulators:start --only functions
[debug] [2023-09-22T21:30:38.853Z] CLI Version:   12.5.4
[debug] [2023-09-22T21:30:38.854Z] Platform:      win32
[debug] [2023-09-22T21:30:38.854Z] Node Version:  v20.4.0
[debug] [2023-09-22T21:30:38.854Z] Time:          Fri Sep 22 2023 18:30:38 GMT-0300 (Horário Padrão de Brasília)
[debug] [2023-09-22T21:30:38.854Z] ----------------------------------------------------------------------
[debug] 
[debug] [2023-09-22T21:30:39.000Z] > command requires scopes: ["email","openid","https://www.googleapis.com/auth/cloudplatformprojects.readonly","https://www.googleapis.com/auth/firebase","https://www.googleapis.com/auth/cloud-platform"]
[debug] [2023-09-22T21:30:39.001Z] > authorizing via signed-in user (eduj.magnus@gmail.com)
[info] i  emulators: Starting emulators: functions {"metadata":{"emulator":{"name":"hub"},"message":"Starting emulators: functions"}}
[debug] [2023-09-22T21:30:39.013Z] [logging] Logging Emulator only supports listening on one address (127.0.0.1). Not listening on ::1
[debug] [2023-09-22T21:30:39.013Z] assigned listening specs for emulators {"user":{"hub":[{"address":"127.0.0.1","family":"IPv4","port":4400},{"address":"::1","family":"IPv6","port":4400}],"ui":[{"address":"127.0.0.1","family":"IPv4","port":4000},{"address":"::1","family":"IPv6","port":4000}],"logging":[{"address":"127.0.0.1","family":"IPv4","port":4500}]},"metadata":{"message":"assigned listening specs for emulators"}}
[debug] [2023-09-22T21:30:39.025Z] [hub] writing locator at C:\Users\Magnus\AppData\Local\Temp\hub-mealstogo-52743.json
[debug] [2023-09-22T21:30:39.045Z] [functions] Functions Emulator only supports listening on one address (127.0.0.1). Not listening on ::1
[debug] [2023-09-22T21:30:39.045Z] [eventarc] Eventarc Emulator only supports listening on one address (127.0.0.1). Not listening on ::1
[debug] [2023-09-22T21:30:39.046Z] late-assigned ports for functions and eventarc emulators {"user":{"hub":[{"address":"127.0.0.1","family":"IPv4","port":4400},{"address":"::1","family":"IPv6","port":4400}],"ui":[{"address":"127.0.0.1","family":"IPv4","port":4000},{"address":"::1","family":"IPv6","port":4000}],"logging":[{"address":"127.0.0.1","family":"IPv4","port":4500}],"functions":[{"address":"127.0.0.1","family":"IPv4","port":5001}],"eventarc":[{"address":"127.0.0.1","family":"IPv4","port":9299}]},"metadata":{"message":"late-assigned ports for functions and eventarc emulators"}}
[warn] !  functions: The following emulators are not running, calls to these services from the Functions emulator will affect production: auth, firestore, database, hosting, pubsub, storage {"metadata":{"emulator":{"name":"functions"},"message":"The following emulators are not running, calls to these services from the Functions emulator will affect production: \u001b[1mauth, firestore, database, hosting, pubsub, storage\u001b[22m"}}
[debug] [2023-09-22T21:30:39.050Z] defaultcredentials: writing to file C:\Users\Magnus\AppData\Roaming\firebase\eduj_magnus_gmail.com_application_default_credentials.json
[debug] [2023-09-22T21:30:39.054Z] Setting GAC to C:\Users\Magnus\AppData\Roaming\firebase\eduj_magnus_gmail.com_application_default_credentials.json {"metadata":{"emulator":{"name":"functions"},"message":"Setting GAC to C:\\Users\\Magnus\\AppData\\Roaming\\firebase\\eduj_magnus_gmail.com_application_default_credentials.json"}}
[debug] [2023-09-22T21:30:39.056Z] >>> [apiv2][query] GET https://firebase.googleapis.com/v1beta1/projects/mealstogo-52743/adminSdkConfig [none]
[debug] [2023-09-22T21:30:39.663Z] <<< [apiv2][status] GET https://firebase.googleapis.com/v1beta1/projects/mealstogo-52743/adminSdkConfig 200
[debug] [2023-09-22T21:30:39.664Z] <<< [apiv2][body] GET https://firebase.googleapis.com/v1beta1/projects/mealstogo-52743/adminSdkConfig {"projectId":"mealstogo-52743","storageBucket":"mealstogo-52743.appspot.com"}
[debug] [2023-09-22T21:30:39.710Z] Ignoring unsupported arg: auto_download {"metadata":{"emulator":{"name":"ui"},"message":"Ignoring unsupported arg: auto_download"}}
[debug] [2023-09-22T21:30:39.710Z] Ignoring unsupported arg: port {"metadata":{"emulator":{"name":"ui"},"message":"Ignoring unsupported arg: port"}}
[debug] [2023-09-22T21:30:39.710Z] Starting Emulator UI with command {"binary":"node","args":["C:\\Users\\Magnus\\.cache\\firebase\\emulators\\ui-v1.11.7\\server\\server.js"],"optionalArgs":[],"joinArgs":false} {"metadata":{"emulator":{"name":"ui"},"message":"Starting Emulator UI with command {\"binary\":\"node\",\"args\":[\"C:\\\\Users\\\\Magnus\\\\.cache\\\\firebase\\\\emulators\\\\ui-v1.11.7\\\\server\\\\server.js\"],\"optionalArgs\":[],\"joinArgs\":false}"}}
[info] i  ui: Emulator UI logging to ui-debug.log {"metadata":{"emulator":{"name":"ui"},"message":"Emulator UI logging to \u001b[1mui-debug.log\u001b[22m"}}
[debug] [2023-09-22T21:30:39.870Z] Web / API server started at 127.0.0.1:4000
 {"metadata":{"emulator":{"name":"ui"},"message":"Web / API server started at 127.0.0.1:4000\n"}}
[debug] [2023-09-22T21:30:39.870Z] Web / API server started at ::1:4000
 {"metadata":{"emulator":{"name":"ui"},"message":"Web / API server started at ::1:4000\n"}}
[info] i  functions: Watching "D:\git\MealsToGo\functions" for Cloud Functions... {"metadata":{"emulator":{"name":"functions"},"message":"Watching \"D:\\git\\MealsToGo\\functions\" for Cloud Functions..."}}
[debug] [2023-09-22T21:30:40.002Z] Validating nodejs source
[debug] [2023-09-22T21:30:41.092Z] > [functions] package.json contents: {
  "name": "functions",
  "description": "Cloud Functions for Firebase",
  "scripts": {
    "serve": "firebase emulators:start --only functions",
    "shell": "firebase functions:shell",
    "start": "npm run shell",
    "deploy": "firebase deploy --only functions",
    "logs": "firebase functions:log"
  },
  "engines": {
    "node": "20"
  },
  "main": "index.js",
  "dependencies": {
    "firebase-admin": "^11.8.0",
    "firebase-functions": "^4.3.1"
  },
  "devDependencies": {
    "firebase-functions-test": "^3.1.0"
  },
  "private": true
}
[debug] [2023-09-22T21:30:41.092Z] Building nodejs source
[debug] [2023-09-22T21:30:41.093Z] Failed to find version of module node: reached end of search path D:\git\MealsToGo\functions\node_modules
[info] +  functions: Using node@20 from host. 
[debug] [2023-09-22T21:30:41.096Z] Could not find functions.yaml. Must use http discovery
[debug] [2023-09-22T21:30:41.104Z] Found firebase-functions binary at 'D:\git\MealsToGo\functions\node_modules\.bin\firebase-functions'
[info] Serving at port 8681

[debug] [2023-09-22T21:30:41.793Z] Got response from /__/functions.yaml {"endpoints":{"geocode":{"availableMemoryMb":null,"timeoutSeconds":null,"minInstances":null,"maxInstances":null,"ingressSettings":null,"concurrency":null,"serviceAccountEmail":null,"vpc":null,"platform":"gcfv2","labels":{},"httpsTrigger":{},"entryPoint":"geocode"},"placesNearby":{"availableMemoryMb":null,"timeoutSeconds":null,"minInstances":null,"maxInstances":null,"ingressSettings":null,"concurrency":null,"serviceAccountEmail":null,"vpc":null,"platform":"gcfv2","labels":{},"httpsTrigger":{},"entryPoint":"placesNearby"}},"specVersion":"v1alpha1","requiredAPIs":[]}
[info] shutdown requested via /__/quitquitquit

[info] +  functions: Loaded functions definitions from source: geocode, placesNearby. {"metadata":{"emulator":{"name":"functions"},"message":"Loaded functions definitions from source: geocode, placesNearby."}}
[info] +  functions[us-central1-geocode]: http function initialized (http://127.0.0.1:5001/mealstogo-52743/us-central1/geocode). {"metadata":{"emulator":{"name":"functions"},"message":"\u001b[1mhttp\u001b[22m function initialized (http://127.0.0.1:5001/mealstogo-52743/us-central1/geocode)."}}
[info] +  functions[us-central1-placesNearby]: http function initialized (http://127.0.0.1:5001/mealstogo-52743/us-central1/placesNearby). {"metadata":{"emulator":{"name":"functions"},"message":"\u001b[1mhttp\u001b[22m function initialized (http://127.0.0.1:5001/mealstogo-52743/us-central1/placesNearby)."}}
[info] 
┌─────────────────────────────────────────────────────────────┐
│ ✔  All emulators ready! It is now safe to connect your app. │
│ i  View Emulator UI at http://127.0.0.1:4000/               │
└─────────────────────────────────────────────────────────────┘

┌───────────┬────────────────┬─────────────────────────────────┐
│ Emulator  │ Host:Port      │ View in Emulator UI             │
├───────────┼────────────────┼─────────────────────────────────┤
│ Functions │ 127.0.0.1:5001 │ http://127.0.0.1:4000/functions │
└───────────┴────────────────┴─────────────────────────────────┘
  Emulator Hub running at 127.0.0.1:4400
  Other reserved ports: 4500

Issues? Report them at https://github.com/firebase/firebase-tools/issues and attach the *-debug.log files.
 
[debug] [2023-09-22T21:32:12.204Z] [work-queue] {"queuedWork":["/mealstogo-52743/us-central1/placesNearby-2023-09-22T21:32:12.204Z"],"queueLength":1,"runningWork":[],"workRunningCount":0}
[debug] [2023-09-22T21:32:12.206Z] [work-queue] {"queuedWork":[],"queueLength":0,"runningWork":["/mealstogo-52743/us-central1/placesNearby-2023-09-22T21:32:12.204Z"],"workRunningCount":1}
[debug] [2023-09-22T21:32:12.208Z] Accepted request GET /mealstogo-52743/us-central1/placesNearby?location=undefined,undefined --> us-central1-placesNearby
[debug] [2023-09-22T21:32:12.220Z] [functions] Runtime ready! Sending request! {"metadata":{"emulator":{"name":"functions"},"message":"[functions] Runtime ready! Sending request!"}}
[debug] [2023-09-22T21:32:12.223Z] [functions] Got req.url=/mealstogo-52743/us-central1/placesNearby?location=undefined,undefined, mapping to path=/?location=undefined,undefined {"metadata":{"emulator":{"name":"functions"},"message":"[functions] Got req.url=/mealstogo-52743/us-central1/placesNearby?location=undefined,undefined, mapping to path=/?location=undefined,undefined"}}
[debug] [2023-09-22T21:32:12.264Z] [worker-pool] addWorker(us-central1-placesNearby) {"metadata":{"emulator":{"name":"functions"},"message":"[worker-pool] addWorker(us-central1-placesNearby)"}}
[debug] [2023-09-22T21:32:12.267Z] [worker-pool] Adding worker with key us-central1-placesNearby, total=1 {"metadata":{"emulator":{"name":"functions"},"message":"[worker-pool] Adding worker with key us-central1-placesNearby, total=1"}}
[debug] [2023-09-22T21:32:12.278Z] [work-queue] {"queuedWork":["/mealstogo-52743/us-central1/geocode-2023-09-22T21:32:12.278Z"],"queueLength":1,"runningWork":["/mealstogo-52743/us-central1/placesNearby-2023-09-22T21:32:12.204Z"],"workRunningCount":1}
[debug] [2023-09-22T21:32:12.279Z] [work-queue] {"queuedWork":[],"queueLength":0,"runningWork":["/mealstogo-52743/us-central1/placesNearby-2023-09-22T21:32:12.204Z","/mealstogo-52743/us-central1/geocode-2023-09-22T21:32:12.278Z"],"workRunningCount":2}
[debug] [2023-09-22T21:32:12.279Z] Accepted request GET /mealstogo-52743/us-central1/geocode?city=san%20francisco --> us-central1-geocode
[debug] [2023-09-22T21:32:12.287Z] [functions] Runtime ready! Sending request! {"metadata":{"emulator":{"name":"functions"},"message":"[functions] Runtime ready! Sending request!"}}
[debug] [2023-09-22T21:32:12.288Z] [functions] Got req.url=/mealstogo-52743/us-central1/geocode?city=san%20francisco, mapping to path=/?city=san%20francisco {"metadata":{"emulator":{"name":"functions"},"message":"[functions] Got req.url=/mealstogo-52743/us-central1/geocode?city=san%20francisco, mapping to path=/?city=san%20francisco"}}
[debug] [2023-09-22T21:32:12.301Z] [worker-pool] addWorker(us-central1-geocode) {"metadata":{"emulator":{"name":"functions"},"message":"[worker-pool] addWorker(us-central1-geocode)"}}
[debug] [2023-09-22T21:32:12.301Z] [worker-pool] Adding worker with key us-central1-geocode, total=1 {"metadata":{"emulator":{"name":"functions"},"message":"[worker-pool] Adding worker with key us-central1-geocode, total=1"}}
[debug] [2023-09-22T21:32:14.078Z] [runtime-status] [3400] Resolved module firebase-admin {"declared":true,"installed":true,"version":"11.10.1","resolution":"D:\\git\\MealsToGo\\functions\\node_modules\\firebase-admin\\lib\\index.js"} {"metadata":{"emulator":{"name":"functions"},"function":{"name":"us-central1-geocode"},"extension":{},"message":"[runtime-status] [3400] Resolved module firebase-admin {\"declared\":true,\"installed\":true,\"version\":\"11.10.1\",\"resolution\":\"D:\\\\git\\\\MealsToGo\\\\functions\\\\node_modules\\\\firebase-admin\\\\lib\\\\index.js\"}"}}
[debug] [2023-09-22T21:32:14.079Z] [runtime-status] [3788] Resolved module firebase-admin {"declared":true,"installed":true,"version":"11.10.1","resolution":"D:\\git\\MealsToGo\\functions\\node_modules\\firebase-admin\\lib\\index.js"} {"metadata":{"emulator":{"name":"functions"},"function":{"name":"us-central1-placesNearby"},"extension":{},"message":"[runtime-status] [3788] Resolved module firebase-admin {\"declared\":true,\"installed\":true,\"version\":\"11.10.1\",\"resolution\":\"D:\\\\git\\\\MealsToGo\\\\functions\\\\node_modules\\\\firebase-admin\\\\lib\\\\index.js\"}"}}
[debug] [2023-09-22T21:32:14.080Z] [runtime-status] [3788] Resolved module firebase-functions {"declared":true,"installed":true,"version":"4.4.1","resolution":"D:\\git\\MealsToGo\\functions\\node_modules\\firebase-functions\\lib\\v1\\index.js"} {"metadata":{"emulator":{"name":"functions"},"function":{"name":"us-central1-placesNearby"},"extension":{},"message":"[runtime-status] [3788] Resolved module firebase-functions {\"declared\":true,\"installed\":true,\"version\":\"4.4.1\",\"resolution\":\"D:\\\\git\\\\MealsToGo\\\\functions\\\\node_modules\\\\firebase-functions\\\\lib\\\\v1\\\\index.js\"}"}}
[debug] [2023-09-22T21:32:14.081Z] [runtime-status] [3400] Resolved module firebase-functions {"declared":true,"installed":true,"version":"4.4.1","resolution":"D:\\git\\MealsToGo\\functions\\node_modules\\firebase-functions\\lib\\v1\\index.js"} {"metadata":{"emulator":{"name":"functions"},"function":{"name":"us-central1-geocode"},"extension":{},"message":"[runtime-status] [3400] Resolved module firebase-functions {\"declared\":true,\"installed\":true,\"version\":\"4.4.1\",\"resolution\":\"D:\\\\git\\\\MealsToGo\\\\functions\\\\node_modules\\\\firebase-functions\\\\lib\\\\v1\\\\index.js\"}"}}
[debug] [2023-09-22T21:32:14.081Z] [runtime-status] [3400] Outgoing network have been stubbed. [{"name":"http","status":"mocked"},{"name":"http","status":"mocked"},{"name":"https","status":"mocked"},{"name":"https","status":"mocked"},{"name":"net","status":"mocked"}] {"metadata":{"emulator":{"name":"functions"},"function":{"name":"us-central1-geocode"},"extension":{},"message":"[runtime-status] [3400] Outgoing network have been stubbed. [{\"name\":\"http\",\"status\":\"mocked\"},{\"name\":\"http\",\"status\":\"mocked\"},{\"name\":\"https\",\"status\":\"mocked\"},{\"name\":\"https\",\"status\":\"mocked\"},{\"name\":\"net\",\"status\":\"mocked\"}]"}}
[debug] [2023-09-22T21:32:14.081Z] [runtime-status] [3788] Outgoing network have been stubbed. [{"name":"http","status":"mocked"},{"name":"http","status":"mocked"},{"name":"https","status":"mocked"},{"name":"https","status":"mocked"},{"name":"net","status":"mocked"}] {"metadata":{"emulator":{"name":"functions"},"function":{"name":"us-central1-placesNearby"},"extension":{},"message":"[runtime-status] [3788] Outgoing network have been stubbed. [{\"name\":\"http\",\"status\":\"mocked\"},{\"name\":\"http\",\"status\":\"mocked\"},{\"name\":\"https\",\"status\":\"mocked\"},{\"name\":\"https\",\"status\":\"mocked\"},{\"name\":\"net\",\"status\":\"mocked\"}]"}}
[debug] [2023-09-22T21:32:14.083Z] [runtime-status] [3400] Resolved module firebase-functions {"declared":true,"installed":true,"version":"4.4.1","resolution":"D:\\git\\MealsToGo\\functions\\node_modules\\firebase-functions\\lib\\v1\\index.js"} {"metadata":{"emulator":{"name":"functions"},"function":{"name":"us-central1-geocode"},"extension":{},"message":"[runtime-status] [3400] Resolved module firebase-functions {\"declared\":true,\"installed\":true,\"version\":\"4.4.1\",\"resolution\":\"D:\\\\git\\\\MealsToGo\\\\functions\\\\node_modules\\\\firebase-functions\\\\lib\\\\v1\\\\index.js\"}"}}
[debug] [2023-09-22T21:32:14.083Z] [runtime-status] [3788] Resolved module firebase-functions {"declared":true,"installed":true,"version":"4.4.1","resolution":"D:\\git\\MealsToGo\\functions\\node_modules\\firebase-functions\\lib\\v1\\index.js"} {"metadata":{"emulator":{"name":"functions"},"function":{"name":"us-central1-placesNearby"},"extension":{},"message":"[runtime-status] [3788] Resolved module firebase-functions {\"declared\":true,\"installed\":true,\"version\":\"4.4.1\",\"resolution\":\"D:\\\\git\\\\MealsToGo\\\\functions\\\\node_modules\\\\firebase-functions\\\\lib\\\\v1\\\\index.js\"}"}}
[debug] [2023-09-22T21:32:14.507Z] [runtime-status] [3788] Checked functions.config() {"config":{}} {"metadata":{"emulator":{"name":"functions"},"function":{"name":"us-central1-placesNearby"},"extension":{},"message":"[runtime-status] [3788] Checked functions.config() {\"config\":{}}"}}
[debug] [2023-09-22T21:32:14.508Z] [runtime-status] [3788] firebase-functions has been stubbed. {"functionsResolution":{"declared":true,"installed":true,"version":"4.4.1","resolution":"D:\\git\\MealsToGo\\functions\\node_modules\\firebase-functions\\lib\\v1\\index.js"}} {"metadata":{"emulator":{"name":"functions"},"function":{"name":"us-central1-placesNearby"},"extension":{},"message":"[runtime-status] [3788] firebase-functions has been stubbed. {\"functionsResolution\":{\"declared\":true,\"installed\":true,\"version\":\"4.4.1\",\"resolution\":\"D:\\\\git\\\\MealsToGo\\\\functions\\\\node_modules\\\\firebase-functions\\\\lib\\\\v1\\\\index.js\"}}"}}
[debug] [2023-09-22T21:32:14.509Z] [runtime-status] [3788] Resolved module firebase-functions {"declared":true,"installed":true,"version":"4.4.1","resolution":"D:\\git\\MealsToGo\\functions\\node_modules\\firebase-functions\\lib\\v1\\index.js"} {"metadata":{"emulator":{"name":"functions"},"function":{"name":"us-central1-placesNearby"},"extension":{},"message":"[runtime-status] [3788] Resolved module firebase-functions {\"declared\":true,\"installed\":true,\"version\":\"4.4.1\",\"resolution\":\"D:\\\\git\\\\MealsToGo\\\\functions\\\\node_modules\\\\firebase-functions\\\\lib\\\\v1\\\\index.js\"}"}}
[debug] [2023-09-22T21:32:14.509Z] [runtime-status] [3400] Checked functions.config() {"config":{}} {"metadata":{"emulator":{"name":"functions"},"function":{"name":"us-central1-geocode"},"extension":{},"message":"[runtime-status] [3400] Checked functions.config() {\"config\":{}}"}}
[debug] [2023-09-22T21:32:14.510Z] [runtime-status] [3400] firebase-functions has been stubbed. {"functionsResolution":{"declared":true,"installed":true,"version":"4.4.1","resolution":"D:\\git\\MealsToGo\\functions\\node_modules\\firebase-functions\\lib\\v1\\index.js"}} {"metadata":{"emulator":{"name":"functions"},"function":{"name":"us-central1-geocode"},"extension":{},"message":"[runtime-status] [3400] firebase-functions has been stubbed. {\"functionsResolution\":{\"declared\":true,\"installed\":true,\"version\":\"4.4.1\",\"resolution\":\"D:\\\\git\\\\MealsToGo\\\\functions\\\\node_modules\\\\firebase-functions\\\\lib\\\\v1\\\\index.js\"}}"}}
[debug] [2023-09-22T21:32:14.511Z] [runtime-status] [3400] Resolved module firebase-functions {"declared":true,"installed":true,"version":"4.4.1","resolution":"D:\\git\\MealsToGo\\functions\\node_modules\\firebase-functions\\lib\\v1\\index.js"} {"metadata":{"emulator":{"name":"functions"},"function":{"name":"us-central1-geocode"},"extension":{},"message":"[runtime-status] [3400] Resolved module firebase-functions {\"declared\":true,\"installed\":true,\"version\":\"4.4.1\",\"resolution\":\"D:\\\\git\\\\MealsToGo\\\\functions\\\\node_modules\\\\firebase-functions\\\\lib\\\\v1\\\\index.js\"}"}}
[debug] [2023-09-22T21:32:14.511Z] [runtime-status] [3788] Resolved module firebase-admin {"declared":true,"installed":true,"version":"11.10.1","resolution":"D:\\git\\MealsToGo\\functions\\node_modules\\firebase-admin\\lib\\index.js"} {"metadata":{"emulator":{"name":"functions"},"function":{"name":"us-central1-placesNearby"},"extension":{},"message":"[runtime-status] [3788] Resolved module firebase-admin {\"declared\":true,\"installed\":true,\"version\":\"11.10.1\",\"resolution\":\"D:\\\\git\\\\MealsToGo\\\\functions\\\\node_modules\\\\firebase-admin\\\\lib\\\\index.js\"}"}}
[debug] [2023-09-22T21:32:14.513Z] [runtime-status] [3400] Resolved module firebase-admin {"declared":true,"installed":true,"version":"11.10.1","resolution":"D:\\git\\MealsToGo\\functions\\node_modules\\firebase-admin\\lib\\index.js"} {"metadata":{"emulator":{"name":"functions"},"function":{"name":"us-central1-geocode"},"extension":{},"message":"[runtime-status] [3400] Resolved module firebase-admin {\"declared\":true,\"installed\":true,\"version\":\"11.10.1\",\"resolution\":\"D:\\\\git\\\\MealsToGo\\\\functions\\\\node_modules\\\\firebase-admin\\\\lib\\\\index.js\"}"}}
[debug] [2023-09-22T21:32:14.515Z] [runtime-status] [3788] Resolved module firebase-functions {"declared":true,"installed":true,"version":"4.4.1","resolution":"D:\\git\\MealsToGo\\functions\\node_modules\\firebase-functions\\lib\\v1\\index.js"} {"metadata":{"emulator":{"name":"functions"},"function":{"name":"us-central1-placesNearby"},"extension":{},"message":"[runtime-status] [3788] Resolved module firebase-functions {\"declared\":true,\"installed\":true,\"version\":\"4.4.1\",\"resolution\":\"D:\\\\git\\\\MealsToGo\\\\functions\\\\node_modules\\\\firebase-functions\\\\lib\\\\v1\\\\index.js\"}"}}
[debug] [2023-09-22T21:32:14.516Z] [runtime-status] [3788] firebase-admin has been stubbed. {"adminResolution":{"declared":true,"installed":true,"version":"11.10.1","resolution":"D:\\git\\MealsToGo\\functions\\node_modules\\firebase-admin\\lib\\index.js"}} {"metadata":{"emulator":{"name":"functions"},"function":{"name":"us-central1-placesNearby"},"extension":{},"message":"[runtime-status] [3788] firebase-admin has been stubbed. {\"adminResolution\":{\"declared\":true,\"installed\":true,\"version\":\"11.10.1\",\"resolution\":\"D:\\\\git\\\\MealsToGo\\\\functions\\\\node_modules\\\\firebase-admin\\\\lib\\\\index.js\"}}"}}
[debug] [2023-09-22T21:32:14.517Z] [runtime-status] [3400] Resolved module firebase-functions {"declared":true,"installed":true,"version":"4.4.1","resolution":"D:\\git\\MealsToGo\\functions\\node_modules\\firebase-functions\\lib\\v1\\index.js"} {"metadata":{"emulator":{"name":"functions"},"function":{"name":"us-central1-geocode"},"extension":{},"message":"[runtime-status] [3400] Resolved module firebase-functions {\"declared\":true,\"installed\":true,\"version\":\"4.4.1\",\"resolution\":\"D:\\\\git\\\\MealsToGo\\\\functions\\\\node_modules\\\\firebase-functions\\\\lib\\\\v1\\\\index.js\"}"}}
[debug] [2023-09-22T21:32:14.518Z] [runtime-status] [3400] firebase-admin has been stubbed. {"adminResolution":{"declared":true,"installed":true,"version":"11.10.1","resolution":"D:\\git\\MealsToGo\\functions\\node_modules\\firebase-admin\\lib\\index.js"}} {"metadata":{"emulator":{"name":"functions"},"function":{"name":"us-central1-geocode"},"extension":{},"message":"[runtime-status] [3400] firebase-admin has been stubbed. {\"adminResolution\":{\"declared\":true,\"installed\":true,\"version\":\"11.10.1\",\"resolution\":\"D:\\\\git\\\\MealsToGo\\\\functions\\\\node_modules\\\\firebase-admin\\\\lib\\\\index.js\"}}"}}
[debug] [2023-09-22T21:32:14.551Z] [runtime-status] [3788] Functions runtime initialized. {"cwd":"D:\\git\\MealsToGo\\functions","node_version":"20.4.0"} {"metadata":{"emulator":{"name":"functions"},"function":{"name":"us-central1-placesNearby"},"extension":{},"message":"[runtime-status] [3788] Functions runtime initialized. {\"cwd\":\"D:\\\\git\\\\MealsToGo\\\\functions\",\"node_version\":\"20.4.0\"}"}}
[debug] [2023-09-22T21:32:14.552Z] [runtime-status] [3788] Listening to port: \\?\pipe\fire_emu_eab41f054f3aa6a2 {"metadata":{"emulator":{"name":"functions"},"function":{"name":"us-central1-placesNearby"},"extension":{},"message":"[runtime-status] [3788] Listening to port: \\\\?\\pipe\\fire_emu_eab41f054f3aa6a2"}}
[debug] [2023-09-22T21:32:14.554Z] [runtime-status] [3400] Functions runtime initialized. {"cwd":"D:\\git\\MealsToGo\\functions","node_version":"20.4.0"} {"metadata":{"emulator":{"name":"functions"},"function":{"name":"us-central1-geocode"},"extension":{},"message":"[runtime-status] [3400] Functions runtime initialized. {\"cwd\":\"D:\\\\git\\\\MealsToGo\\\\functions\",\"node_version\":\"20.4.0\"}"}}
[debug] [2023-09-22T21:32:14.554Z] [runtime-status] [3400] Listening to port: \\?\pipe\fire_emu_e2560abbe7f10903 {"metadata":{"emulator":{"name":"functions"},"function":{"name":"us-central1-geocode"},"extension":{},"message":"[runtime-status] [3400] Listening to port: \\\\?\\pipe\\fire_emu_e2560abbe7f10903"}}
[debug] [2023-09-22T21:32:14.600Z] [worker-us-central1-placesNearby-609d6a11-7fb3-4602-a81d-a7c25f8afd8f]: IDLE {"metadata":{"emulator":{"name":"functions"},"function":{"name":"us-central1-placesNearby"},"extension":{},"message":"[worker-us-central1-placesNearby-609d6a11-7fb3-4602-a81d-a7c25f8afd8f]: IDLE"}}
[debug] [2023-09-22T21:32:14.601Z] [worker-pool] submitRequest(triggerId=us-central1-placesNearby) {"metadata":{"emulator":{"name":"functions"},"message":"[worker-pool] submitRequest(triggerId=us-central1-placesNearby)"}}
[info] i  functions: Beginning execution of "us-central1-placesNearby" {"metadata":{"emulator":{"name":"functions"},"function":{"name":"us-central1-placesNearby"},"extension":{},"message":"Beginning execution of \"us-central1-placesNearby\""}}
[debug] [2023-09-22T21:32:14.602Z] [worker-us-central1-placesNearby-609d6a11-7fb3-4602-a81d-a7c25f8afd8f]: BUSY {"metadata":{"emulator":{"name":"functions"},"function":{"name":"us-central1-placesNearby"},"extension":{},"message":"[worker-us-central1-placesNearby-609d6a11-7fb3-4602-a81d-a7c25f8afd8f]: BUSY"}}
[debug] [2023-09-22T21:32:14.608Z] Finishing up request with event=pause {"metadata":{"emulator":{"name":"functions"},"function":{"name":"us-central1-placesNearby"},"extension":{},"message":"Finishing up request with event=pause"}}
[info] i  functions: Finished "us-central1-placesNearby" in 6.3825ms {"metadata":{"emulator":{"name":"functions"},"function":{"name":"us-central1-placesNearby"},"extension":{},"message":"Finished \"us-central1-placesNearby\" in 6.3825ms"}}
[debug] [2023-09-22T21:32:14.609Z] [worker-us-central1-placesNearby-609d6a11-7fb3-4602-a81d-a7c25f8afd8f]: IDLE {"metadata":{"emulator":{"name":"functions"},"function":{"name":"us-central1-placesNearby"},"extension":{},"message":"[worker-us-central1-placesNearby-609d6a11-7fb3-4602-a81d-a7c25f8afd8f]: IDLE"}}
[debug] [2023-09-22T21:32:14.609Z] Finishing up request with event=finish {"metadata":{"emulator":{"name":"functions"},"function":{"name":"us-central1-placesNearby"},"extension":{},"message":"Finishing up request with event=finish"}}
[debug] [2023-09-22T21:32:14.610Z] Finishing up request with event=close {"metadata":{"emulator":{"name":"functions"},"function":{"name":"us-central1-placesNearby"},"extension":{},"message":"Finishing up request with event=close"}}
[debug] [2023-09-22T21:32:14.610Z] [work-queue] {"queuedWork":[],"queueLength":0,"runningWork":["/mealstogo-52743/us-central1/geocode-2023-09-22T21:32:12.278Z"],"workRunningCount":1}
[debug] [2023-09-22T21:32:14.617Z] [worker-us-central1-geocode-bf8f7b42-0a2c-4a7e-af53-9babc79be1ce]: IDLE {"metadata":{"emulator":{"name":"functions"},"function":{"name":"us-central1-geocode"},"extension":{},"message":"[worker-us-central1-geocode-bf8f7b42-0a2c-4a7e-af53-9babc79be1ce]: IDLE"}}
[debug] [2023-09-22T21:32:14.618Z] [worker-pool] submitRequest(triggerId=us-central1-geocode) {"metadata":{"emulator":{"name":"functions"},"message":"[worker-pool] submitRequest(triggerId=us-central1-geocode)"}}
[info] i  functions: Beginning execution of "us-central1-geocode" {"metadata":{"emulator":{"name":"functions"},"function":{"name":"us-central1-geocode"},"extension":{},"message":"Beginning execution of \"us-central1-geocode\""}}
[debug] [2023-09-22T21:32:14.618Z] [worker-us-central1-geocode-bf8f7b42-0a2c-4a7e-af53-9babc79be1ce]: BUSY {"metadata":{"emulator":{"name":"functions"},"function":{"name":"us-central1-geocode"},"extension":{},"message":"[worker-us-central1-geocode-bf8f7b42-0a2c-4a7e-af53-9babc79be1ce]: BUSY"}}
[debug] [2023-09-22T21:32:14.626Z] Finishing up request with event=pause {"metadata":{"emulator":{"name":"functions"},"function":{"name":"us-central1-geocode"},"extension":{},"message":"Finishing up request with event=pause"}}
[info] i  functions: Finished "us-central1-geocode" in 8.0392ms {"metadata":{"emulator":{"name":"functions"},"function":{"name":"us-central1-geocode"},"extension":{},"message":"Finished \"us-central1-geocode\" in 8.0392ms"}}
[debug] [2023-09-22T21:32:14.627Z] [worker-us-central1-geocode-bf8f7b42-0a2c-4a7e-af53-9babc79be1ce]: IDLE {"metadata":{"emulator":{"name":"functions"},"function":{"name":"us-central1-geocode"},"extension":{},"message":"[worker-us-central1-geocode-bf8f7b42-0a2c-4a7e-af53-9babc79be1ce]: IDLE"}}
[debug] [2023-09-22T21:32:14.627Z] Finishing up request with event=finish {"metadata":{"emulator":{"name":"functions"},"function":{"name":"us-central1-geocode"},"extension":{},"message":"Finishing up request with event=finish"}}
[debug] [2023-09-22T21:32:14.627Z] Finishing up request with event=close {"metadata":{"emulator":{"name":"functions"},"function":{"name":"us-central1-geocode"},"extension":{},"message":"Finishing up request with event=close"}}
[debug] [2023-09-22T21:32:14.628Z] [work-queue] {"queuedWork":[],"queueLength":0,"runningWork":[],"workRunningCount":0}
[debug] [2023-09-22T21:32:15.003Z] [work-queue] {"queuedWork":["/mealstogo-52743/us-central1/placesNearby-2023-09-22T21:32:15.003Z"],"queueLength":1,"runningWork":[],"workRunningCount":0}
[debug] [2023-09-22T21:32:15.003Z] [work-queue] {"queuedWork":[],"queueLength":0,"runningWork":["/mealstogo-52743/us-central1/placesNearby-2023-09-22T21:32:15.003Z"],"workRunningCount":1}
[debug] [2023-09-22T21:32:15.004Z] Accepted request GET /mealstogo-52743/us-central1/placesNearby?location=37.7749295,-122.4194155 --> us-central1-placesNearby
[debug] [2023-09-22T21:32:15.004Z] [functions] Runtime ready! Sending request! {"metadata":{"emulator":{"name":"functions"},"message":"[functions] Runtime ready! Sending request!"}}
[debug] [2023-09-22T21:32:15.005Z] [functions] Got req.url=/mealstogo-52743/us-central1/placesNearby?location=37.7749295,-122.4194155, mapping to path=/?location=37.7749295,-122.4194155 {"metadata":{"emulator":{"name":"functions"},"message":"[functions] Got req.url=/mealstogo-52743/us-central1/placesNearby?location=37.7749295,-122.4194155, mapping to path=/?location=37.7749295,-122.4194155"}}
[debug] [2023-09-22T21:32:15.005Z] [worker-pool] submitRequest(triggerId=us-central1-placesNearby) {"metadata":{"emulator":{"name":"functions"},"message":"[worker-pool] submitRequest(triggerId=us-central1-placesNearby)"}}
[info] i  functions: Beginning execution of "us-central1-placesNearby" {"metadata":{"emulator":{"name":"functions"},"function":{"name":"us-central1-placesNearby"},"extension":{},"message":"Beginning execution of \"us-central1-placesNearby\""}}
[debug] [2023-09-22T21:32:15.006Z] [worker-us-central1-placesNearby-609d6a11-7fb3-4602-a81d-a7c25f8afd8f]: BUSY {"metadata":{"emulator":{"name":"functions"},"function":{"name":"us-central1-placesNearby"},"extension":{},"message":"[worker-us-central1-placesNearby-609d6a11-7fb3-4602-a81d-a7c25f8afd8f]: BUSY"}}
[debug] [2023-09-22T21:32:15.011Z] Finishing up request with event=pause {"metadata":{"emulator":{"name":"functions"},"function":{"name":"us-central1-placesNearby"},"extension":{},"message":"Finishing up request with event=pause"}}
[info] i  functions: Finished "us-central1-placesNearby" in 5.4633ms {"metadata":{"emulator":{"name":"functions"},"function":{"name":"us-central1-placesNearby"},"extension":{},"message":"Finished \"us-central1-placesNearby\" in 5.4633ms"}}
[debug] [2023-09-22T21:32:15.012Z] [worker-us-central1-placesNearby-609d6a11-7fb3-4602-a81d-a7c25f8afd8f]: IDLE {"metadata":{"emulator":{"name":"functions"},"function":{"name":"us-central1-placesNearby"},"extension":{},"message":"[worker-us-central1-placesNearby-609d6a11-7fb3-4602-a81d-a7c25f8afd8f]: IDLE"}}
[debug] [2023-09-22T21:32:15.012Z] Finishing up request with event=finish {"metadata":{"emulator":{"name":"functions"},"function":{"name":"us-central1-placesNearby"},"extension":{},"message":"Finishing up request with event=finish"}}
[debug] [2023-09-22T21:32:15.012Z] Finishing up request with event=close {"metadata":{"emulator":{"name":"functions"},"function":{"name":"us-central1-placesNearby"},"extension":{},"message":"Finishing up request with event=close"}}
[debug] [2023-09-22T21:32:15.012Z] [work-queue] {"queuedWork":[],"queueLength":0,"runningWork":[],"workRunningCount":0}
[debug] [2023-09-22T21:32:23.867Z] [work-queue] {"queuedWork":["/mealstogo-52743/us-central1/geocode-2023-09-22T21:32:23.867Z"],"queueLength":1,"runningWork":[],"workRunningCount":0}
[debug] [2023-09-22T21:32:23.868Z] [work-queue] {"queuedWork":[],"queueLength":0,"runningWork":["/mealstogo-52743/us-central1/geocode-2023-09-22T21:32:23.867Z"],"workRunningCount":1}
[debug] [2023-09-22T21:32:23.869Z] Accepted request GET /mealstogo-52743/us-central1/geocode?city=toronto --> us-central1-geocode
[debug] [2023-09-22T21:32:23.876Z] [functions] Runtime ready! Sending request! {"metadata":{"emulator":{"name":"functions"},"message":"[functions] Runtime ready! Sending request!"}}
[debug] [2023-09-22T21:32:23.877Z] [functions] Got req.url=/mealstogo-52743/us-central1/geocode?city=toronto, mapping to path=/?city=toronto {"metadata":{"emulator":{"name":"functions"},"message":"[functions] Got req.url=/mealstogo-52743/us-central1/geocode?city=toronto, mapping to path=/?city=toronto"}}
[debug] [2023-09-22T21:32:23.877Z] [worker-pool] submitRequest(triggerId=us-central1-geocode) {"metadata":{"emulator":{"name":"functions"},"message":"[worker-pool] submitRequest(triggerId=us-central1-geocode)"}}
[info] i  functions: Beginning execution of "us-central1-geocode" {"metadata":{"emulator":{"name":"functions"},"function":{"name":"us-central1-geocode"},"extension":{},"message":"Beginning execution of \"us-central1-geocode\""}}
[debug] [2023-09-22T21:32:23.880Z] [worker-us-central1-geocode-bf8f7b42-0a2c-4a7e-af53-9babc79be1ce]: BUSY {"metadata":{"emulator":{"name":"functions"},"function":{"name":"us-central1-geocode"},"extension":{},"message":"[worker-us-central1-geocode-bf8f7b42-0a2c-4a7e-af53-9babc79be1ce]: BUSY"}}
[debug] [2023-09-22T21:32:23.889Z] Finishing up request with event=pause {"metadata":{"emulator":{"name":"functions"},"function":{"name":"us-central1-geocode"},"extension":{},"message":"Finishing up request with event=pause"}}
[info] i  functions: Finished "us-central1-geocode" in 9.594ms {"metadata":{"emulator":{"name":"functions"},"function":{"name":"us-central1-geocode"},"extension":{},"message":"Finished \"us-central1-geocode\" in 9.594ms"}}
[debug] [2023-09-22T21:32:23.892Z] [worker-us-central1-geocode-bf8f7b42-0a2c-4a7e-af53-9babc79be1ce]: IDLE {"metadata":{"emulator":{"name":"functions"},"function":{"name":"us-central1-geocode"},"extension":{},"message":"[worker-us-central1-geocode-bf8f7b42-0a2c-4a7e-af53-9babc79be1ce]: IDLE"}}
[debug] [2023-09-22T21:32:23.892Z] Finishing up request with event=finish {"metadata":{"emulator":{"name":"functions"},"function":{"name":"us-central1-geocode"},"extension":{},"message":"Finishing up request with event=finish"}}
[debug] [2023-09-22T21:32:23.893Z] Finishing up request with event=close {"metadata":{"emulator":{"name":"functions"},"function":{"name":"us-central1-geocode"},"extension":{},"message":"Finishing up request with event=close"}}
[debug] [2023-09-22T21:32:23.893Z] [work-queue] {"queuedWork":[],"queueLength":0,"runningWork":[],"workRunningCount":0}
[debug] [2023-09-22T21:32:25.275Z] [work-queue] {"queuedWork":["/mealstogo-52743/us-central1/placesNearby-2023-09-22T21:32:25.275Z"],"queueLength":1,"runningWork":[],"workRunningCount":0}
[debug] [2023-09-22T21:32:25.276Z] [work-queue] {"queuedWork":[],"queueLength":0,"runningWork":["/mealstogo-52743/us-central1/placesNearby-2023-09-22T21:32:25.275Z"],"workRunningCount":1}
[debug] [2023-09-22T21:32:25.276Z] Accepted request GET /mealstogo-52743/us-central1/placesNearby?location=43.653225,-79.383186 --> us-central1-placesNearby
[debug] [2023-09-22T21:32:25.278Z] [functions] Runtime ready! Sending request! {"metadata":{"emulator":{"name":"functions"},"message":"[functions] Runtime ready! Sending request!"}}
[debug] [2023-09-22T21:32:25.279Z] [functions] Got req.url=/mealstogo-52743/us-central1/placesNearby?location=43.653225,-79.383186, mapping to path=/?location=43.653225,-79.383186 {"metadata":{"emulator":{"name":"functions"},"message":"[functions] Got req.url=/mealstogo-52743/us-central1/placesNearby?location=43.653225,-79.383186, mapping to path=/?location=43.653225,-79.383186"}}
[debug] [2023-09-22T21:32:25.280Z] [worker-pool] submitRequest(triggerId=us-central1-placesNearby) {"metadata":{"emulator":{"name":"functions"},"message":"[worker-pool] submitRequest(triggerId=us-central1-placesNearby)"}}
[info] i  functions: Beginning execution of "us-central1-placesNearby" {"metadata":{"emulator":{"name":"functions"},"function":{"name":"us-central1-placesNearby"},"extension":{},"message":"Beginning execution of \"us-central1-placesNearby\""}}
[debug] [2023-09-22T21:32:25.282Z] [worker-us-central1-placesNearby-609d6a11-7fb3-4602-a81d-a7c25f8afd8f]: BUSY {"metadata":{"emulator":{"name":"functions"},"function":{"name":"us-central1-placesNearby"},"extension":{},"message":"[worker-us-central1-placesNearby-609d6a11-7fb3-4602-a81d-a7c25f8afd8f]: BUSY"}}
[debug] [2023-09-22T21:32:25.291Z] Finishing up request with event=pause {"metadata":{"emulator":{"name":"functions"},"function":{"name":"us-central1-placesNearby"},"extension":{},"message":"Finishing up request with event=pause"}}
[info] i  functions: Finished "us-central1-placesNearby" in 9.9554ms {"metadata":{"emulator":{"name":"functions"},"function":{"name":"us-central1-placesNearby"},"extension":{},"message":"Finished \"us-central1-placesNearby\" in 9.9554ms"}}
[debug] [2023-09-22T21:32:25.295Z] [worker-us-central1-placesNearby-609d6a11-7fb3-4602-a81d-a7c25f8afd8f]: IDLE {"metadata":{"emulator":{"name":"functions"},"function":{"name":"us-central1-placesNearby"},"extension":{},"message":"[worker-us-central1-placesNearby-609d6a11-7fb3-4602-a81d-a7c25f8afd8f]: IDLE"}}
[debug] [2023-09-22T21:32:25.295Z] Finishing up request with event=finish {"metadata":{"emulator":{"name":"functions"},"function":{"name":"us-central1-placesNearby"},"extension":{},"message":"Finishing up request with event=finish"}}
[debug] [2023-09-22T21:32:25.296Z] Finishing up request with event=close {"metadata":{"emulator":{"name":"functions"},"function":{"name":"us-central1-placesNearby"},"extension":{},"message":"Finishing up request with event=close"}}
[debug] [2023-09-22T21:32:25.297Z] [work-queue] {"queuedWork":[],"queueLength":0,"runningWork":[],"workRunningCount":0}
